<?xml version="1.0" encoding="UTF-8"?>
<!-- Generated by org.testng.reporters.JUnitReportReporter -->
<testsuite skipped="0" hostname="DESKTOP-AS0S1K7" name="basic.ContactTest" tests="1" failures="0" timestamp="2024-03-16T12:31:28 IST" time="42.792" errors="0">
  <testcase name="createContact" time="42.792" classname="basic.ContactTest"/>
  <system-out/>
</testsuite> <!-- basic.ContactTest -->
