<?xml version="1.0" encoding="UTF-8"?>
<!-- Generated by org.testng.reporters.JUnitReportReporter -->
<testsuite skipped="0" hostname="DESKTOP-AS0S1K7" name="basic.OrganizationTest" tests="1" failures="0" timestamp="2024-03-16T12:28:27 IST" time="17.429" errors="0">
  <testcase name="CreateorganizationnsTest" time="17.429" classname="basic.OrganizationTest"/>
  <system-out/>
</testsuite> <!-- basic.OrganizationTest -->
